<?xml version="1.0" encoding="UTF-8"?>
<!-- Generated by org.testng.reporters.JUnitReportReporter -->
<testsuite hostname="DESKTOP-S7SOFT1" failures="0" tests="1" name="tests.ProductTest" time="3.537" errors="0" timestamp="2025-08-24T15:14:36 IST" skipped="0">
  <testcase classname="tests.ProductTest" name="testProductFilteringLowToHigh" time="3.537"/>
</testsuite> <!-- tests.ProductTest -->
