<?xml version="1.0" encoding="UTF-8"?>
<!-- Generated by org.testng.reporters.JUnitReportReporter -->
<testsuite hostname="DESKTOP-S7SOFT1" failures="0" tests="2" name="tests.LoginTest" time="10.276" errors="0" timestamp="2025-08-24T15:14:36 IST" skipped="0">
  <testcase classname="tests.LoginTest" name="testValidLogin" time="3.485"/>
  <testcase classname="tests.LoginTest" name="testInvalidLogin" time="6.791"/>
</testsuite> <!-- tests.LoginTest -->
